# JRE version: Java(TM) SE Runtime Environment (21.0.1+12) (build 21.0.1+12-LTS-29)
# Java VM: Java HotSpot(TM) 64-Bit Server VM (21.0.1+12-LTS-29, mixed mode, sharing, tiered, compressed oops, compressed class ptrs, g1 gc, windows-amd64)
GC Precious Log:
 CardTable entry size: 512
 Card Set container configuration: InlinePtr #cards 4 size 8 Array Of Cards #cards 32 size 80 Howl #buckets 8 coarsen threshold 7372 Howl Bitmap #cards 1024 size 144 coarsen threshold 921 Card regions per heap region 1 cards per card region 8192
 CPUs: 12 total, 12 available
 Memory: 32535M
 Large Page Support: Disabled
 NUMA Support: Disabled
 Compressed Oops: Enabled (Zero based)
 Heap Region Size: 4M
 Heap Min Capacity: 8M
 Heap Initial Capacity: 512M
 Heap Max Capacity: 8136M
 Pre-touch: Disabled
 Parallel Workers: 10
 Concurrent Workers: 3
 Concurrent Refinement Workers: 10
 Periodic GC: Disabled
Heap:
 garbage-first heap   total 122880K, used 49151K [0x0000000603800000, 0x0000000800000000)
  region size 4096K, 7 young (28672K), 1 survivors (4096K)
 Metaspace       used 62289K, committed 62976K, reserved 1114112K
  class space    used 8234K, committed 8576K, reserved 1048576K
GC Heap History (20 events):
Event: 1.890 GC heap before
{Heap before GC invocations=1 (full 0):
 garbage-first heap   total 524288K, used 27069K [0x0000000603800000, 0x0000000800000000)
  region size 4096K, 6 young (24576K), 1 survivors (4096K)
 Metaspace       used 8955K, committed 9216K, reserved 1114112K
  class space    used 1094K, committed 1216K, reserved 1048576K
}
Event: 1.895 GC heap after
{Heap after GC invocations=2 (full 0):
 garbage-first heap   total 524288K, used 8404K [0x0000000603800000, 0x0000000800000000)
  region size 4096K, 1 young (4096K), 1 survivors (4096K)
 Metaspace       used 8955K, committed 9216K, reserved 1114112K
  class space    used 1094K, committed 1216K, reserved 1048576K
}
Event: 4.283 GC heap before
{Heap before GC invocations=2 (full 0):
 garbage-first heap   total 524288K, used 65748K [0x0000000603800000, 0x0000000800000000)
  region size 4096K, 16 young (65536K), 1 survivors (4096K)
 Metaspace       used 21261K, committed 21504K, reserved 1114112K
  class space    used 2694K, committed 2816K, reserved 1048576K
}
Event: 4.291 GC heap after
{Heap after GC invocations=3 (full 0):
 garbage-first heap   total 524288K, used 12439K [0x0000000603800000, 0x0000000800000000)
  region size 4096K, 2 young (8192K), 2 survivors (8192K)
 Metaspace       used 21261K, committed 21504K, reserved 1114112K
  class space    used 2694K, committed 2816K, reserved 1048576K
}
Event: 5.664 GC heap before
{Heap before GC invocations=4 (full 0):
 garbage-first heap   total 69632K, used 45207K [0x0000000603800000, 0x0000000800000000)
  region size 4096K, 10 young (40960K), 2 survivors (8192K)
 Metaspace       used 25054K, committed 25408K, reserved 1114112K
  class space    used 3188K, committed 3328K, reserved 1048576K
}
Event: 5.671 GC heap after
{Heap after GC invocations=5 (full 0):
 garbage-first heap   total 69632K, used 15146K [0x0000000603800000, 0x0000000800000000)
  region size 4096K, 2 young (8192K), 2 survivors (8192K)
 Metaspace       used 25054K, committed 25408K, reserved 1114112K
  class space    used 3188K, committed 3328K, reserved 1048576K
}
Event: 7.529 GC heap before
{Heap before GC invocations=5 (full 0):
 garbage-first heap   total 69632K, used 47914K [0x0000000603800000, 0x0000000800000000)
  region size 4096K, 10 young (40960K), 2 survivors (8192K)
 Metaspace       used 30830K, committed 31296K, reserved 1114112K
  class space    used 3904K, committed 4096K, reserved 1048576K
}
Event: 7.540 GC heap after
{Heap after GC invocations=6 (full 0):
 garbage-first heap   total 69632K, used 18255K [0x0000000603800000, 0x0000000800000000)
  region size 4096K, 2 young (8192K), 2 survivors (8192K)
 Metaspace       used 30830K, committed 31296K, reserved 1114112K
  class space    used 3904K, committed 4096K, reserved 1048576K
}
Event: 8.412 GC heap before
{Heap before GC invocations=6 (full 0):
 garbage-first heap   total 69632K, used 26447K [0x0000000603800000, 0x0000000800000000)
  region size 4096K, 5 young (20480K), 2 survivors (8192K)
 Metaspace       used 35888K, committed 36288K, reserved 1114112K
  class space    used 4495K, committed 4672K, reserved 1048576K
}
Event: 8.424 GC heap after
{Heap after GC invocations=7 (full 0):
 garbage-first heap   total 69632K, used 19139K [0x0000000603800000, 0x0000000800000000)
  region size 4096K, 1 young (4096K), 1 survivors (4096K)
 Metaspace       used 35888K, committed 36288K, reserved 1114112K
  class space    used 4495K, committed 4672K, reserved 1048576K
}
Event: 10.680 GC heap before
{Heap before GC invocations=8 (full 0):
 garbage-first heap   total 69632K, used 51907K [0x0000000603800000, 0x0000000800000000)
  region size 4096K, 9 young (36864K), 1 survivors (4096K)
 Metaspace       used 42626K, committed 43136K, reserved 1114112K
  class space    used 5466K, committed 5696K, reserved 1048576K
}
Event: 10.689 GC heap after
{Heap after GC invocations=9 (full 0):
 garbage-first heap   total 69632K, used 20823K [0x0000000603800000, 0x0000000800000000)
  region size 4096K, 2 young (8192K), 2 survivors (8192K)
 Metaspace       used 42626K, committed 43136K, reserved 1114112K
  class space    used 5466K, committed 5696K, reserved 1048576K
}
Event: 11.715 GC heap before
{Heap before GC invocations=9 (full 0):
 garbage-first heap   total 69632K, used 53591K [0x0000000603800000, 0x0000000800000000)
  region size 4096K, 10 young (40960K), 2 survivors (8192K)
 Metaspace       used 50526K, committed 51072K, reserved 1114112K
  class space    used 6657K, committed 6912K, reserved 1048576K
}
Event: 11.726 GC heap after
{Heap after GC invocations=10 (full 0):
 garbage-first heap   total 69632K, used 22516K [0x0000000603800000, 0x0000000800000000)
  region size 4096K, 2 young (8192K), 2 survivors (8192K)
 Metaspace       used 50526K, committed 51072K, reserved 1114112K
  class space    used 6657K, committed 6912K, reserved 1048576K
}
Event: 13.425 GC heap before
{Heap before GC invocations=10 (full 0):
 garbage-first heap   total 69632K, used 51188K [0x0000000603800000, 0x0000000800000000)
  region size 4096K, 9 young (36864K), 2 survivors (8192K)
 Metaspace       used 54839K, committed 55424K, reserved 1114112K
  class space    used 7248K, committed 7488K, reserved 1048576K
}
Event: 13.439 GC heap after
{Heap after GC invocations=11 (full 0):
 garbage-first heap   total 69632K, used 25063K [0x0000000603800000, 0x0000000800000000)
  region size 4096K, 2 young (8192K), 2 survivors (8192K)
 Metaspace       used 54839K, committed 55424K, reserved 1114112K
  class space    used 7248K, committed 7488K, reserved 1048576K
}
Event: 14.388 GC heap before
{Heap before GC invocations=11 (full 0):
 garbage-first heap   total 69632K, used 53735K [0x0000000603800000, 0x0000000800000000)
  region size 4096K, 9 young (36864K), 2 survivors (8192K)
 Metaspace       used 58043K, committed 58624K, reserved 1114112K
  class space    used 7663K, committed 7936K, reserved 1048576K
}
Event: 14.404 GC heap after
{Heap after GC invocations=12 (full 0):
 garbage-first heap   total 69632K, used 27728K [0x0000000603800000, 0x0000000800000000)
  region size 4096K, 2 young (8192K), 2 survivors (8192K)
 Metaspace       used 58043K, committed 58624K, reserved 1114112K
  class space    used 7663K, committed 7936K, reserved 1048576K
}
Event: 14.933 GC heap before
{Heap before GC invocations=12 (full 0):
 garbage-first heap   total 69632K, used 31824K [0x0000000603800000, 0x0000000800000000)
  region size 4096K, 4 young (16384K), 2 survivors (8192K)
 Metaspace       used 60059K, committed 60608K, reserved 1114112K
  class space    used 7873K, committed 8128K, reserved 1048576K
}
Event: 14.942 GC heap after
{Heap after GC invocations=13 (full 0):
 garbage-first heap   total 299008K, used 28671K [0x0000000603800000, 0x0000000800000000)
  region size 4096K, 1 young (4096K), 1 survivors (4096K)
 Metaspace       used 60059K, committed 60608K, reserved 1114112K
  class space    used 7873K, committed 8128K, reserved 1048576K
}

